#
# There is insufficient memory for the Java Runtime Environment to continue.
# Native memory allocation (mmap) failed to map 195035136 bytes for G1 virtual space
# Possible reasons:
#   The system is out of physical RAM or swap space
#   The process is running with CompressedOops enabled, and the Java Heap may be blocking the growth of the native heap
# Possible solutions:
#   Reduce memory load on the system
#   Increase physical memory or swap space
#   Check if swap backing store is full
#   Decrease Java heap size (-Xmx/-Xms)
#   Decrease number of Java threads
#   Decrease Java thread stack sizes (-Xss)
#   Set larger code cache with -XX:ReservedCodeCacheSize=
#   JVM is running with Zero Based Compressed Oops mode in which the Java heap is
#     placed in the first 32GB address space. The Java Heap base address is the
#     maximum limit for the native heap growth. Please use -XX:HeapBaseMinAddress
#     to set the Java Heap base and to place the Java Heap above 32GB virtual address.
# This output file may be truncated or incomplete.
#
#  Out of Memory Error (os_windows.cpp:3535), pid=16988, tid=3340
#
# JRE version:  (17.0.4.1+1) (build )
# Java VM: Java HotSpot(TM) 64-Bit Server VM (17.0.4.1+1-LTS-2, mixed mode, emulated-client, sharing, tiered, compressed oops, compressed class ptrs, g1 gc, windows-amd64)
# No core dump will be written. Minidumps are not enabled by default on client versions of Windows
#

---------------  S U M M A R Y ------------

Command Line: -XX:TieredStopAtLevel=1 -Dspring.output.ansi.enabled=always -Dcom.sun.management.jmxremote -Dspring.jmx.enabled=true -Dspring.liveBeansView.mbeanDomain -Dspring.application.admin.enabled=true -Dmanagement.endpoints.jmx.exposure.include=* -javaagent:C:\Program Files\JetBrains\IntelliJ IDEA 2022.3\lib\idea_rt.jar=62497:C:\Program Files\JetBrains\IntelliJ IDEA 2022.3\bin -Dfile.encoding=UTF-8 com.example.projektspring.ProjektspringApplication

Host: Intel(R) Core(TM) i5-1035G1 CPU @ 1.00GHz, 8 cores, 11G,  Windows 11 , 64 bit Build 22000 (10.0.22000.1335)
Time: Mon Jan  9 14:25:16 2023  Windows 11 , 64 bit Build 22000 (10.0.22000.1335) elapsed time: 0.025557 seconds (0d 0h 0m 0s)

---------------  T H R E A D  ---------------

Current thread (0x00000176ba29cb10):  JavaThread "Unknown thread" [_thread_in_vm, id=3340, stack(0x000000436c400000,0x000000436c500000)]

Stack: [0x000000436c400000,0x000000436c500000]
Native frames: (J=compiled Java code, j=interpreted, Vv=VM code, C=native code)
V  [jvm.dll+0x6723ba]
V  [jvm.dll+0x7d1e34]
V  [jvm.dll+0x7d35de]
V  [jvm.dll+0x7d3c43]
V  [jvm.dll+0x243065]
V  [jvm.dll+0x66f2d9]
V  [jvm.dll+0x663c22]
V  [jvm.dll+0x3011cb]
V  [jvm.dll+0x308766]
V  [jvm.dll+0x35846e]
V  [jvm.dll+0x35869f]
V  [jvm.dll+0x2d83e8]
V  [jvm.dll+0x2d9354]
V  [jvm.dll+0x7a3911]
V  [jvm.dll+0x3662c1]
V  [jvm.dll+0x782d7c]
V  [jvm.dll+0x3e8c1f]
V  [jvm.dll+0x3ea6c1]
C  [jli.dll+0x527b]
C  [ucrtbase.dll+0x26c0c]
C  [KERNEL32.DLL+0x155a0]
C  [ntdll.dll+0x485b]


---------------  P R O C E S S  ---------------

Threads class SMR info:
_java_thread_list=0x00007ff938a8a858, length=0, elements={
}

Java Threads: ( => current thread )

Other Threads:
  0x00000176ba2f51c0 GCTaskThread "GC Thread#0" [stack: 0x000000436c500000,0x000000436c600000] [id=1964]
  0x00000176ba301a10 ConcurrentGCThread "G1 Main Marker" [stack: 0x000000436c600000,0x000000436c700000] [id=3896]
  0x00000176ba302490 ConcurrentGCThread "G1 Conc#0" [stack: 0x000000436c700000,0x000000436c800000] [id=11984]

[error occurred during error reporting (printing all threads), id 0xc0000005, EXCEPTION_ACCESS_VIOLATION (0xc0000005) at pc=0x00007ff9382d8dd7]

VM state: not at safepoint (not fully initialized)

VM Mutex/Monitor currently owned by a thread:  ([mutex/lock_event])
[0x00000176ba29a7f0] Heap_lock - owner thread: 0x00000176ba29cb10

Heap address: 0x0000000746000000, size: 2976 MB, Compressed Oops mode: Zero based, Oop shift amount: 3

CDS archive(s) mapped at: [0x0000000000000000-0x0000000000000000-0x0000000000000000), size 0, SharedBaseAddress: 0x0000000800000000, ArchiveRelocationMode: 0.
Narrow klass base: 0x0000000000000000, Narrow klass shift: 0, Narrow klass range: 0x0

GC Precious Log:
<Empty>

Heap:
 garbage-first heap   total 0K, used 0K [0x0000000746000000, 0x0000000800000000)
  region size 2048K, 0 young (0K), 0 survivors (0K)

[error occurred during error reporting (printing heap information), id 0xc0000005, EXCEPTION_ACCESS_VIOLATION (0xc0000005) at pc=0x00007ff9386bb869]

GC Heap History (0 events):
No events

Deoptimization events (0 events):
No events

Classes unloaded (0 events):
No events

Classes redefined (0 events):
No events

Internal exceptions (0 events):
No events

VM Operations (0 events):
No events

Events (1 events):
Event: 0.010 Loaded shared library C:\Program Files\Java\jdk-17.0.4.1\bin\java.dll


Dynamic libraries:
0x00007ff69e020000 - 0x00007ff69e030000 	C:\Program Files\Java\jdk-17.0.4.1\bin\java.exe
0x00007ff9be420000 - 0x00007ff9be629000 	C:\WINDOWS\SYSTEM32\ntdll.dll
0x00007ff97bd00000 - 0x00007ff97bd17000 	C:\Program Files\Avast Software\Avast\aswhook.dll
0x00007ff9be030000 - 0x00007ff9be0ee000 	C:\WINDOWS\System32\KERNEL32.DLL
0x00007ff9bbc90000 - 0x00007ff9bc00b000 	C:\WINDOWS\System32\KERNELBASE.dll
0x00007ff9bbad0000 - 0x00007ff9bbbe1000 	C:\WINDOWS\System32\ucrtbase.dll
0x00007ff9b5f90000 - 0x00007ff9b5fa8000 	C:\Program Files\Java\jdk-17.0.4.1\bin\jli.dll
0x00007ff9a3240000 - 0x00007ff9a325a000 	C:\Program Files\Java\jdk-17.0.4.1\bin\VCRUNTIME140.dll
0x00007ff9bc530000 - 0x00007ff9bc5de000 	C:\WINDOWS\System32\ADVAPI32.dll
0x00007ff9be160000 - 0x00007ff9be203000 	C:\WINDOWS\System32\msvcrt.dll
0x00007ff9bdf90000 - 0x00007ff9be02e000 	C:\WINDOWS\System32\sechost.dll
0x00007ff9bdd30000 - 0x00007ff9bde50000 	C:\WINDOWS\System32\RPCRT4.dll
0x00007ff9bcf10000 - 0x00007ff9bd0bd000 	C:\WINDOWS\System32\USER32.dll
0x00007ff9a78c0000 - 0x00007ff9a7b65000 	C:\WINDOWS\WinSxS\amd64_microsoft.windows.common-controls_6595b64144ccf1df_6.0.22000.120_none_9d947278b86cc467\COMCTL32.dll
0x00007ff9bbbf0000 - 0x00007ff9bbc16000 	C:\WINDOWS\System32\win32u.dll
0x00007ff9bd4b0000 - 0x00007ff9bd4d9000 	C:\WINDOWS\System32\GDI32.dll
0x00007ff9bc180000 - 0x00007ff9bc298000 	C:\WINDOWS\System32\gdi32full.dll
0x00007ff9bb8f0000 - 0x00007ff9bb98d000 	C:\WINDOWS\System32\msvcp_win.dll
0x00007ff9b3fc0000 - 0x00007ff9b3fca000 	C:\WINDOWS\SYSTEM32\VERSION.dll
0x00007ff9bdcf0000 - 0x00007ff9bdd22000 	C:\WINDOWS\System32\IMM32.DLL
0x00007ff9aa540000 - 0x00007ff9aa54c000 	C:\Program Files\Java\jdk-17.0.4.1\bin\vcruntime140_1.dll
0x00007ff9a2fb0000 - 0x00007ff9a303d000 	C:\Program Files\Java\jdk-17.0.4.1\bin\msvcp140.dll
0x00007ff937ff0000 - 0x00007ff938bb2000 	C:\Program Files\Java\jdk-17.0.4.1\bin\server\jvm.dll
0x00007ff9bdf20000 - 0x00007ff9bdf28000 	C:\WINDOWS\System32\PSAPI.DLL
0x00007ff9aa530000 - 0x00007ff9aa539000 	C:\WINDOWS\SYSTEM32\WSOCK32.dll
0x00007ff9b5630000 - 0x00007ff9b5663000 	C:\WINDOWS\SYSTEM32\WINMM.dll
0x00007ff9bd290000 - 0x00007ff9bd2ff000 	C:\WINDOWS\System32\WS2_32.dll
0x00007ff9ba930000 - 0x00007ff9ba948000 	C:\WINDOWS\SYSTEM32\kernel.appcore.dll
0x00007ff9a9bb0000 - 0x00007ff9a9bba000 	C:\Program Files\Java\jdk-17.0.4.1\bin\jimage.dll
0x00007ff9b95f0000 - 0x00007ff9b9811000 	C:\WINDOWS\SYSTEM32\DBGHELP.DLL
0x00007ff9b2550000 - 0x00007ff9b2581000 	C:\WINDOWS\SYSTEM32\dbgcore.DLL
0x00007ff9bba50000 - 0x00007ff9bbacf000 	C:\WINDOWS\System32\bcryptPrimitives.dll
0x00007ff9b7af0000 - 0x00007ff9b7afe000 	C:\Program Files\Java\jdk-17.0.4.1\bin\instrument.dll
0x00007ff9a2f80000 - 0x00007ff9a2fa5000 	C:\Program Files\Java\jdk-17.0.4.1\bin\java.dll

dbghelp: loaded successfully - version: 4.0.5 - missing functions: none
symbol engine: initialized successfully - sym options: 0x614 - pdb path: .;C:\Program Files\Java\jdk-17.0.4.1\bin;C:\WINDOWS\SYSTEM32;C:\Program Files\Avast Software\Avast;C:\WINDOWS\WinSxS\amd64_microsoft.windows.common-controls_6595b64144ccf1df_6.0.22000.120_none_9d947278b86cc467;C:\Program Files\Java\jdk-17.0.4.1\bin\server

VM Arguments:
jvm_args: -XX:TieredStopAtLevel=1 -Dspring.output.ansi.enabled=always -Dcom.sun.management.jmxremote -Dspring.jmx.enabled=true -Dspring.liveBeansView.mbeanDomain -Dspring.application.admin.enabled=true -Dmanagement.endpoints.jmx.exposure.include=* -javaagent:C:\Program Files\JetBrains\IntelliJ IDEA 2022.3\lib\idea_rt.jar=62497:C:\Program Files\JetBrains\IntelliJ IDEA 2022.3\bin -Dfile.encoding=UTF-8 
java_command: com.example.projektspring.ProjektspringApplication
java_class_path (initial): C:\Users\kpach\IdeaProjects\projektspring\target\classes;C:\Users\kpach\.m2\repository\org\springframework\boot\spring-boot-starter-jdbc\3.0.0\spring-boot-starter-jdbc-3.0.0.jar;C:\Users\kpach\.m2\repository\org\springframework\boot\spring-boot-starter\3.0.0\spring-boot-starter-3.0.0.jar;C:\Users\kpach\.m2\repository\org\springframework\boot\spring-boot\3.0.0\spring-boot-3.0.0.jar;C:\Users\kpach\.m2\repository\org\springframework\boot\spring-boot-autoconfigure\3.0.0\spring-boot-autoconfigure-3.0.0.jar;C:\Users\kpach\.m2\repository\org\springframework\boot\spring-boot-starter-logging\3.0.0\spring-boot-starter-logging-3.0.0.jar;C:\Users\kpach\.m2\repository\ch\qos\logback\logback-classic\1.4.5\logback-classic-1.4.5.jar;C:\Users\kpach\.m2\repository\ch\qos\logback\logback-core\1.4.5\logback-core-1.4.5.jar;C:\Users\kpach\.m2\repository\org\apache\logging\log4j\log4j-to-slf4j\2.19.0\log4j-to-slf4j-2.19.0.jar;C:\Users\kpach\.m2\repository\org\apache\logging\log4j\log4j-api\2.19.0\log4j-api-2.19.0.jar;C:\Users\kpach\.m2\repository\org\slf4j\jul-to-slf4j\2.0.4\jul-to-slf4j-2.0.4.jar;C:\Users\kpach\.m2\repository\jakarta\annotation\jakarta.annotation-api\2.1.1\jakarta.annotation-api-2.1.1.jar;C:\Users\kpach\.m2\repository\org\yaml\snakeyaml\1.33\snakeyaml-1.33.jar;C:\Users\kpach\.m2\repository\com\zaxxer\HikariCP\5.0.1\HikariCP-5.0.1.jar;C:\Users\kpach\.m2\repository\org\slf4j\slf4j-api\2.0.4\slf4j-api-2.0.4.jar;C:\Users\kpach\.m2\repository\org\springframework\spring-jdbc\6.0.2\spring-jdbc-6.0.2.jar;C:\Users\kpach\.m2\repository\org\springframework\spring-beans\6.0.2\spring-beans-6.0.2.jar;C:\Users\kpach\.m2\repository\org\springframework\spring-tx\6.0.2\spring-tx-6.0.2.jar;C:\Users\kpach\.m2\repository\org\springframework\boot\spring-boot-starter-web\3.0.0\spring-boot-starter-web-3.0.0.jar;C:\Users\kpach\.m2\repository\org\springframework\boot\spring-boot-starter-json\3.0.0\spring-boot-starter-json-3.0.0.jar;C:\Users\kpach\.m2\repository\com\fa
Launcher Type: SUN_STANDARD

[Global flags]
     intx CICompilerCount                          = 4                                         {product} {ergonomic}
     uint ConcGCThreads                            = 2                                         {product} {ergonomic}
     uint G1ConcRefinementThreads                  = 8                                         {product} {ergonomic}
   size_t G1HeapRegionSize                         = 2097152                                   {product} {ergonomic}
    uintx GCDrainStackTargetSize                   = 64                                        {product} {ergonomic}
   size_t InitialHeapSize                          = 195035136                                 {product} {ergonomic}
     bool ManagementServer                         = true                                      {product} {command line}
   size_t MarkStackSize                            = 4194304                                   {product} {ergonomic}
   size_t MaxHeapSize                              = 3120562176                                {product} {ergonomic}
   size_t MinHeapDeltaBytes                        = 2097152                                   {product} {ergonomic}
   size_t MinHeapSize                              = 8388608                                   {product} {ergonomic}
    uintx NonProfiledCodeHeapSize                  = 0                                      {pd product} {ergonomic}
     bool ProfileInterpreter                       = false                                  {pd product} {command line}
    uintx ProfiledCodeHeapSize                     = 0                                      {pd product} {ergonomic}
   size_t SoftMaxHeapSize                          = 3120562176                             {manageable} {ergonomic}
     intx TieredStopAtLevel                        = 1                                         {product} {command line}
     bool UseCompressedClassPointers               = true                           {product lp64_product} {ergonomic}
     bool UseCompressedOops                        = true                           {product lp64_product} {ergonomic}
     bool UseG1GC                                  = true                                      {product} {ergonomic}
     bool UseLargePagesIndividualAllocation        = false                                  {pd product} {ergonomic}

Logging:
Log output configuration:
 #0: stdout all=warning uptime,level,tags
 #1: stderr all=off uptime,level,tags

Environment Variables:
PATH=C:\Program Files\Common Files\Oracle\Java\javapath;C:\Windows\system32;C:\Windows;C:\Windows\System32\Wbem;C:\Windows\System32\WindowsPowerShell\v1.0\;C:\Windows\System32\OpenSSH\;C:\Program Files (x86)\NVIDIA Corporation\PhysX\Common;C:\Program Files\NVIDIA Corporation\NVIDIA NvDLISR;C:\Program Files\PuTTY\;C:\WINDOWS\system32;C:\WINDOWS;C:\WINDOWS\System32\Wbem;C:\WINDOWS\System32\WindowsPowerShell\v1.0\;C:\WINDOWS\System32\OpenSSH\;C:\Program Files\dotnet\;C:\Program Files\Docker\Docker\resources\bin;C:\Program Files\MySQL\MySQL Shell 8.0\bin\;C:\Users\kpach\AppData\Local\Programs\Python\Python310\Scripts\;C:\Users\kpach\AppData\Local\Programs\Python\Python310\;C:\Users\kpach\AppData\Local\Microsoft\WindowsApps;C:\Users\kpach\.dotnet\tools;;C:\Users\kpach\AppData\Local\Programs\Microsoft VS Code\bin
USERNAME=kpach
OS=Windows_NT
PROCESSOR_IDENTIFIER=Intel64 Family 6 Model 126 Stepping 5, GenuineIntel



---------------  S Y S T E M  ---------------

OS:
 Windows 11 , 64 bit Build 22000 (10.0.22000.1335)
OS uptime: 0 days 0:55 hours
Hyper-V role detected

CPU: total 8 (initial active 8) (4 cores per cpu, 2 threads per core) family 6 model 126 stepping 5 microcode 0x86, cx8, cmov, fxsr, ht, mmx, 3dnowpref, sse, sse2, sse3, ssse3, sse4.1, sse4.2, popcnt, lzcnt, tsc, tscinvbit, avx, avx2, aes, erms, clmul, bmi1, bmi2, adx, avx512f, avx512dq, avx512cd, avx512bw, avx512vl, sha, fma, vzeroupper, avx512_vpopcntdq, avx512_vpclmulqdq, avx512_vaes, avx512_vnni, clflush, clflushopt, avx512_vbmi2, avx512_vbmi, hv

Memory: 4k page, system-wide physical 11896M (2346M free)
TotalPageFile size 12920M (AvailPageFile size 111M)
current process WorkingSet (physical memory assigned to process): 10M, peak: 10M
current process commit charge ("private bytes"): 55M, peak: 241M

vm_info: Java HotSpot(TM) 64-Bit Server VM (17.0.4.1+1-LTS-2) for windows-amd64 JRE (17.0.4.1+1-LTS-2), built on Aug 16 2022 18:32:06 by "mach5one" with MS VC++ 16.8 / 16.9 (VS2019)

END.
